running develop
Removing /home/ri-one/ros2_crane_ws/install/crane_plus_driver/lib/python3.10/site-packages/crane-plus-driver.egg-link (link to .)
running egg_info
writing ../../build/crane_plus_driver/crane_plus_driver.egg-info/PKG-INFO
writing dependency_links to ../../build/crane_plus_driver/crane_plus_driver.egg-info/dependency_links.txt
writing entry points to ../../build/crane_plus_driver/crane_plus_driver.egg-info/entry_points.txt
writing requirements to ../../build/crane_plus_driver/crane_plus_driver.egg-info/requires.txt
writing top-level names to ../../build/crane_plus_driver/crane_plus_driver.egg-info/top_level.txt
reading manifest file '../../build/crane_plus_driver/crane_plus_driver.egg-info/SOURCES.txt'
writing manifest file '../../build/crane_plus_driver/crane_plus_driver.egg-info/SOURCES.txt'
running build
running build_py
copying crane_plus_driver/gui.py -> /home/ri-one/ros2_crane_ws/build/crane_plus_driver/build/lib/crane_plus_driver
running install
running install_lib
creating /home/ri-one/ros2_crane_ws/install/crane_plus_driver/lib/python3.10/site-packages/crane_plus_driver
copying /home/ri-one/ros2_crane_ws/build/crane_plus_driver/build/lib/crane_plus_driver/gui.py -> /home/ri-one/ros2_crane_ws/install/crane_plus_driver/lib/python3.10/site-packages/crane_plus_driver
copying /home/ri-one/ros2_crane_ws/build/crane_plus_driver/build/lib/crane_plus_driver/__init__.py -> /home/ri-one/ros2_crane_ws/install/crane_plus_driver/lib/python3.10/site-packages/crane_plus_driver
copying /home/ri-one/ros2_crane_ws/build/crane_plus_driver/build/lib/crane_plus_driver/driver_node.py -> /home/ri-one/ros2_crane_ws/install/crane_plus_driver/lib/python3.10/site-packages/crane_plus_driver
byte-compiling /home/ri-one/ros2_crane_ws/install/crane_plus_driver/lib/python3.10/site-packages/crane_plus_driver/gui.py to gui.cpython-310.pyc
byte-compiling /home/ri-one/ros2_crane_ws/install/crane_plus_driver/lib/python3.10/site-packages/crane_plus_driver/__init__.py to __init__.cpython-310.pyc
byte-compiling /home/ri-one/ros2_crane_ws/install/crane_plus_driver/lib/python3.10/site-packages/crane_plus_driver/driver_node.py to driver_node.cpython-310.pyc
running install_data
copying resource/crane_plus_driver -> /home/ri-one/ros2_crane_ws/install/crane_plus_driver/share/ament_index/resource_index/packages
copying package.xml -> /home/ri-one/ros2_crane_ws/install/crane_plus_driver/share/crane_plus_driver
running install_egg_info
Copying ../../build/crane_plus_driver/crane_plus_driver.egg-info to /home/ri-one/ros2_crane_ws/install/crane_plus_driver/lib/python3.10/site-packages/crane_plus_driver-0.0.0-py3.10.egg-info
running install_scripts
Installing driver_node script to /home/ri-one/ros2_crane_ws/install/crane_plus_driver/lib/crane_plus_driver
Installing gui_node script to /home/ri-one/ros2_crane_ws/install/crane_plus_driver/lib/crane_plus_driver
writing list of installed files to '/home/ri-one/ros2_crane_ws/build/crane_plus_driver/install.log'
