[0.499s] Invoking command in '/home/ri-one/ros2_crane_ws/src/crane_plus_driver': PYTHONPATH=/home/ri-one/ros2_crane_ws/build/crane_plus_driver/prefix_override:/usr/lib/python3/dist-packages/colcon_core/task/python/colcon_distutils_commands:/home/ri-one/ros2_crane_ws/install/crane_plus_driver/lib/python3.10/site-packages:${PYTHONPATH} /usr/bin/python3 -W ignore:setup.py install is deprecated -W ignore:easy_install command is deprecated setup.py egg_info --egg-base ../../build/crane_plus_driver build --build-base /home/ri-one/ros2_crane_ws/build/crane_plus_driver/build install --record /home/ri-one/ros2_crane_ws/build/crane_plus_driver/install.log --single-version-externally-managed install_data
[0.669s] running egg_info
[0.669s] writing ../../build/crane_plus_driver/crane_plus_driver.egg-info/PKG-INFO
[0.669s] writing dependency_links to ../../build/crane_plus_driver/crane_plus_driver.egg-info/dependency_links.txt
[0.669s] writing entry points to ../../build/crane_plus_driver/crane_plus_driver.egg-info/entry_points.txt
[0.669s] writing requirements to ../../build/crane_plus_driver/crane_plus_driver.egg-info/requires.txt
[0.669s] writing top-level names to ../../build/crane_plus_driver/crane_plus_driver.egg-info/top_level.txt
[0.671s] reading manifest file '../../build/crane_plus_driver/crane_plus_driver.egg-info/SOURCES.txt'
[0.671s] writing manifest file '../../build/crane_plus_driver/crane_plus_driver.egg-info/SOURCES.txt'
[0.671s] running build
[0.671s] running build_py
[0.671s] copying crane_plus_driver/driver_node.py -> /home/ri-one/ros2_crane_ws/build/crane_plus_driver/build/lib/crane_plus_driver
[0.671s] running install
[0.671s] running install_lib
[0.672s] copying /home/ri-one/ros2_crane_ws/build/crane_plus_driver/build/lib/crane_plus_driver/driver_node.py -> /home/ri-one/ros2_crane_ws/install/crane_plus_driver/lib/python3.10/site-packages/crane_plus_driver
[0.672s] byte-compiling /home/ri-one/ros2_crane_ws/install/crane_plus_driver/lib/python3.10/site-packages/crane_plus_driver/driver_node.py to driver_node.cpython-310.pyc
[0.673s] running install_data
[0.673s] running install_egg_info
[0.674s] removing '/home/ri-one/ros2_crane_ws/install/crane_plus_driver/lib/python3.10/site-packages/crane_plus_driver-0.0.0-py3.10.egg-info' (and everything under it)
[0.674s] Copying ../../build/crane_plus_driver/crane_plus_driver.egg-info to /home/ri-one/ros2_crane_ws/install/crane_plus_driver/lib/python3.10/site-packages/crane_plus_driver-0.0.0-py3.10.egg-info
[0.674s] running install_scripts
[0.688s] Installing driver_node script to /home/ri-one/ros2_crane_ws/install/crane_plus_driver/lib/crane_plus_driver
[0.688s] writing list of installed files to '/home/ri-one/ros2_crane_ws/build/crane_plus_driver/install.log'
[0.704s] Invoked command in '/home/ri-one/ros2_crane_ws/src/crane_plus_driver' returned '0': PYTHONPATH=/home/ri-one/ros2_crane_ws/build/crane_plus_driver/prefix_override:/usr/lib/python3/dist-packages/colcon_core/task/python/colcon_distutils_commands:/home/ri-one/ros2_crane_ws/install/crane_plus_driver/lib/python3.10/site-packages:${PYTHONPATH} /usr/bin/python3 -W ignore:setup.py install is deprecated -W ignore:easy_install command is deprecated setup.py egg_info --egg-base ../../build/crane_plus_driver build --build-base /home/ri-one/ros2_crane_ws/build/crane_plus_driver/build install --record /home/ri-one/ros2_crane_ws/build/crane_plus_driver/install.log --single-version-externally-managed install_data
