[0.490s] Invoking command in '/home/ri-one/ros2_crane_ws/build/crane_plus_driver': PYTHONPATH=/home/ri-one/ros2_crane_ws/build/crane_plus_driver/prefix_override:/usr/lib/python3/dist-packages/colcon_core/task/python/colcon_distutils_commands:/home/ri-one/ros2_crane_ws/install/crane_plus_driver/lib/python3.10/site-packages:${PYTHONPATH} /usr/bin/python3 -W ignore:setup.py install is deprecated -W ignore:easy_install command is deprecated setup.py develop --editable --build-directory /home/ri-one/ros2_crane_ws/build/crane_plus_driver/build --no-deps symlink_data --force
[0.681s] running develop
[0.812s] running egg_info
[0.812s] writing crane_plus_driver.egg-info/PKG-INFO
[0.812s] writing dependency_links to crane_plus_driver.egg-info/dependency_links.txt
[0.812s] writing entry points to crane_plus_driver.egg-info/entry_points.txt
[0.812s] writing requirements to crane_plus_driver.egg-info/requires.txt
[0.813s] writing top-level names to crane_plus_driver.egg-info/top_level.txt
[0.814s] reading manifest file 'crane_plus_driver.egg-info/SOURCES.txt'
[0.814s] writing manifest file 'crane_plus_driver.egg-info/SOURCES.txt'
[0.843s] running build_ext
[0.843s] Creating /home/ri-one/ros2_crane_ws/install/crane_plus_driver/lib/python3.10/site-packages/crane-plus-driver.egg-link (link to .)
[0.843s] Installing driver_node script to /home/ri-one/ros2_crane_ws/install/crane_plus_driver/lib/crane_plus_driver
[0.844s] Installing gui_node script to /home/ri-one/ros2_crane_ws/install/crane_plus_driver/lib/crane_plus_driver
[0.844s] 
[0.844s] Installed /home/ri-one/ros2_crane_ws/build/crane_plus_driver
[0.844s] running symlink_data
[0.844s] symbolically linking /home/ri-one/ros2_crane_ws/build/crane_plus_driver/resource/crane_plus_driver -> /home/ri-one/ros2_crane_ws/install/crane_plus_driver/share/ament_index/resource_index/packages
[0.844s] symbolically linking /home/ri-one/ros2_crane_ws/build/crane_plus_driver/package.xml -> /home/ri-one/ros2_crane_ws/install/crane_plus_driver/share/crane_plus_driver
[0.867s] Invoked command in '/home/ri-one/ros2_crane_ws/build/crane_plus_driver' returned '0': PYTHONPATH=/home/ri-one/ros2_crane_ws/build/crane_plus_driver/prefix_override:/usr/lib/python3/dist-packages/colcon_core/task/python/colcon_distutils_commands:/home/ri-one/ros2_crane_ws/install/crane_plus_driver/lib/python3.10/site-packages:${PYTHONPATH} /usr/bin/python3 -W ignore:setup.py install is deprecated -W ignore:easy_install command is deprecated setup.py develop --editable --build-directory /home/ri-one/ros2_crane_ws/build/crane_plus_driver/build --no-deps symlink_data --force
