[0.481s] Invoking command in '/home/ri-one/ros2_crane_ws/src/crane_plus_driver': PYTHONPATH=/home/ri-one/ros2_crane_ws/build/crane_plus_driver/prefix_override:/usr/lib/python3/dist-packages/colcon_core/task/python/colcon_distutils_commands:/home/ri-one/ros2_crane_ws/install/crane_plus_driver/lib/python3.10/site-packages:${PYTHONPATH} /usr/bin/python3 -W ignore:setup.py install is deprecated -W ignore:easy_install command is deprecated setup.py egg_info --egg-base ../../build/crane_plus_driver build --build-base /home/ri-one/ros2_crane_ws/build/crane_plus_driver/build install --record /home/ri-one/ros2_crane_ws/build/crane_plus_driver/install.log --single-version-externally-managed install_data
[0.647s] running egg_info
[0.648s] creating ../../build/crane_plus_driver/crane_plus_driver.egg-info
[0.648s] writing ../../build/crane_plus_driver/crane_plus_driver.egg-info/PKG-INFO
[0.648s] writing dependency_links to ../../build/crane_plus_driver/crane_plus_driver.egg-info/dependency_links.txt
[0.648s] writing entry points to ../../build/crane_plus_driver/crane_plus_driver.egg-info/entry_points.txt
[0.648s] writing requirements to ../../build/crane_plus_driver/crane_plus_driver.egg-info/requires.txt
[0.648s] writing top-level names to ../../build/crane_plus_driver/crane_plus_driver.egg-info/top_level.txt
[0.648s] writing manifest file '../../build/crane_plus_driver/crane_plus_driver.egg-info/SOURCES.txt'
[0.649s] reading manifest file '../../build/crane_plus_driver/crane_plus_driver.egg-info/SOURCES.txt'
[0.650s] writing manifest file '../../build/crane_plus_driver/crane_plus_driver.egg-info/SOURCES.txt'
[0.650s] running build
[0.650s] running build_py
[0.650s] creating /home/ri-one/ros2_crane_ws/build/crane_plus_driver/build
[0.650s] creating /home/ri-one/ros2_crane_ws/build/crane_plus_driver/build/lib
[0.650s] creating /home/ri-one/ros2_crane_ws/build/crane_plus_driver/build/lib/crane_plus_driver
[0.650s] copying crane_plus_driver/__init__.py -> /home/ri-one/ros2_crane_ws/build/crane_plus_driver/build/lib/crane_plus_driver
[0.650s] copying crane_plus_driver/driver_node.py -> /home/ri-one/ros2_crane_ws/build/crane_plus_driver/build/lib/crane_plus_driver
[0.650s] running install
[0.650s] running install_lib
[0.651s] creating /home/ri-one/ros2_crane_ws/install/crane_plus_driver/lib/python3.10/site-packages/crane_plus_driver
[0.651s] copying /home/ri-one/ros2_crane_ws/build/crane_plus_driver/build/lib/crane_plus_driver/__init__.py -> /home/ri-one/ros2_crane_ws/install/crane_plus_driver/lib/python3.10/site-packages/crane_plus_driver
[0.651s] copying /home/ri-one/ros2_crane_ws/build/crane_plus_driver/build/lib/crane_plus_driver/driver_node.py -> /home/ri-one/ros2_crane_ws/install/crane_plus_driver/lib/python3.10/site-packages/crane_plus_driver
[0.651s] byte-compiling /home/ri-one/ros2_crane_ws/install/crane_plus_driver/lib/python3.10/site-packages/crane_plus_driver/__init__.py to __init__.cpython-310.pyc
[0.651s] byte-compiling /home/ri-one/ros2_crane_ws/install/crane_plus_driver/lib/python3.10/site-packages/crane_plus_driver/driver_node.py to driver_node.cpython-310.pyc
[0.652s] running install_data
[0.652s] creating /home/ri-one/ros2_crane_ws/install/crane_plus_driver/share/ament_index
[0.652s] creating /home/ri-one/ros2_crane_ws/install/crane_plus_driver/share/ament_index/resource_index
[0.652s] creating /home/ri-one/ros2_crane_ws/install/crane_plus_driver/share/ament_index/resource_index/packages
[0.652s] copying resource/crane_plus_driver -> /home/ri-one/ros2_crane_ws/install/crane_plus_driver/share/ament_index/resource_index/packages
[0.652s] copying package.xml -> /home/ri-one/ros2_crane_ws/install/crane_plus_driver/share/crane_plus_driver
[0.652s] running install_egg_info
[0.653s] Copying ../../build/crane_plus_driver/crane_plus_driver.egg-info to /home/ri-one/ros2_crane_ws/install/crane_plus_driver/lib/python3.10/site-packages/crane_plus_driver-0.0.0-py3.10.egg-info
[0.653s] running install_scripts
[0.667s] Installing driver_node script to /home/ri-one/ros2_crane_ws/install/crane_plus_driver/lib/crane_plus_driver
[0.667s] writing list of installed files to '/home/ri-one/ros2_crane_ws/build/crane_plus_driver/install.log'
[0.682s] Invoked command in '/home/ri-one/ros2_crane_ws/src/crane_plus_driver' returned '0': PYTHONPATH=/home/ri-one/ros2_crane_ws/build/crane_plus_driver/prefix_override:/usr/lib/python3/dist-packages/colcon_core/task/python/colcon_distutils_commands:/home/ri-one/ros2_crane_ws/install/crane_plus_driver/lib/python3.10/site-packages:${PYTHONPATH} /usr/bin/python3 -W ignore:setup.py install is deprecated -W ignore:easy_install command is deprecated setup.py egg_info --egg-base ../../build/crane_plus_driver build --build-base /home/ri-one/ros2_crane_ws/build/crane_plus_driver/build install --record /home/ri-one/ros2_crane_ws/build/crane_plus_driver/install.log --single-version-externally-managed install_data
